  callbacks.cpp
  GaussianParticleGenerator.cpp
  main.cpp
  Particle.cpp
  ParticleGenerator.cpp
  ParticleSystem.cpp
  Projectile.cpp
  RenderUtils.cpp
  Camera.cpp
  Render.cpp
  UniformParticleGenerator.cpp
C:\Users\lwq20\OneDrive\Documentos\GitHub\SimulacionFisicaVideojuegos\skeleton\Render\Camera.cpp(88,19): warning C5219: conversión implícita de "int" a "float"; posible pérdida de datos
C:\Users\lwq20\OneDrive\Documentos\GitHub\SimulacionFisicaVideojuegos\skeleton\Render\Camera.cpp(90,19): warning C5219: conversión implícita de "int" a "float"; posible pérdida de datos
C:\Users\lwq20\OneDrive\Documentos\GitHub\SimulacionFisicaVideojuegos\common\PhysX-3.4\PxShared\include\task\PxTask.h(329,1): warning C5220: "physx::PxLightCpuTask::mRefCount": un miembro de datos no estático con un tipo calificado volátil ya no implica
           que los constructores de copia/movimiento generados por el compilador y los operadores de asignación de copia o movimiento no sean triviales (compilando archivo de origen Projectile.cpp)
C:\Users\lwq20\OneDrive\Documentos\GitHub\SimulacionFisicaVideojuegos\common\PhysX-3.4\PxShared\include\task\PxTask.h(326,19): message : vea la declaración de 'physx::PxLightCpuTask::mRefCount' (compilando archivo de origen Projectile.cpp)
C:\Users\lwq20\OneDrive\Documentos\GitHub\SimulacionFisicaVideojuegos\common\PhysX-3.4\PxShared\include\task\PxTask.h(329,1): warning C5220: "physx::PxLightCpuTask::mRefCount": un miembro de datos no estático con un tipo calificado volátil ya no implica
           que los constructores de copia/movimiento generados por el compilador y los operadores de asignación de copia o movimiento no sean triviales (compilando archivo de origen Particle.cpp)
C:\Users\lwq20\OneDrive\Documentos\GitHub\SimulacionFisicaVideojuegos\common\PhysX-3.4\PxShared\include\task\PxTask.h(326,19): message : vea la declaración de 'physx::PxLightCpuTask::mRefCount' (compilando archivo de origen Particle.cpp)
C:\Users\lwq20\OneDrive\Documentos\GitHub\SimulacionFisicaVideojuegos\common\PhysX-3.4\PxShared\include\task\PxTask.h(329,1): warning C5220: "physx::PxLightCpuTask::mRefCount": un miembro de datos no estático con un tipo calificado volátil ya no implica
           que los constructores de copia/movimiento generados por el compilador y los operadores de asignación de copia o movimiento no sean triviales (compilando archivo de origen Render\Render.cpp)
C:\Users\lwq20\OneDrive\Documentos\GitHub\SimulacionFisicaVideojuegos\common\PhysX-3.4\PxShared\include\task\PxTask.h(326,19): message : vea la declaración de 'physx::PxLightCpuTask::mRefCount' (compilando archivo de origen Render\Render.cpp)
C:\Users\lwq20\OneDrive\Documentos\GitHub\SimulacionFisicaVideojuegos\common\PhysX-3.4\PxShared\include\task\PxTask.h(329,1): warning C5220: "physx::PxLightCpuTask::mRefCount": un miembro de datos no estático con un tipo calificado volátil ya no implica
           que los constructores de copia/movimiento generados por el compilador y los operadores de asignación de copia o movimiento no sean triviales (compilando archivo de origen main.cpp)
C:\Users\lwq20\OneDrive\Documentos\GitHub\SimulacionFisicaVideojuegos\common\PhysX-3.4\PxShared\include\task\PxTask.h(326,19): message : vea la declaración de 'physx::PxLightCpuTask::mRefCount' (compilando archivo de origen main.cpp)
C:\Users\lwq20\OneDrive\Documentos\GitHub\SimulacionFisicaVideojuegos\common\PhysX-3.4\PxShared\include\task\PxTask.h(329,1): warning C5220: "physx::PxLightCpuTask::mRefCount": un miembro de datos no estático con un tipo calificado volátil ya no implica
           que los constructores de copia/movimiento generados por el compilador y los operadores de asignación de copia o movimiento no sean triviales (compilando archivo de origen callbacks.cpp)
C:\Users\lwq20\OneDrive\Documentos\GitHub\SimulacionFisicaVideojuegos\common\PhysX-3.4\PxShared\include\task\PxTask.h(326,19): message : vea la declaración de 'physx::PxLightCpuTask::mRefCount' (compilando archivo de origen callbacks.cpp)
C:\Users\lwq20\OneDrive\Documentos\GitHub\SimulacionFisicaVideojuegos\common\PhysX-3.4\PxShared\include\task\PxTask.h(329,1): warning C5220: "physx::PxLightCpuTask::mRefCount": un miembro de datos no estático con un tipo calificado volátil ya no implica
           que los constructores de copia/movimiento generados por el compilador y los operadores de asignación de copia o movimiento no sean triviales (compilando archivo de origen RenderUtils.cpp)
C:\Users\lwq20\OneDrive\Documentos\GitHub\SimulacionFisicaVideojuegos\common\PhysX-3.4\PxShared\include\task\PxTask.h(326,19): message : vea la declaración de 'physx::PxLightCpuTask::mRefCount' (compilando archivo de origen RenderUtils.cpp)
C:\Users\lwq20\OneDrive\Documentos\GitHub\SimulacionFisicaVideojuegos\common\PhysX-3.4\PxShared\include\task\PxTask.h(329,1): warning C5220: "physx::PxLightCpuTask::mRefCount": un miembro de datos no estático con un tipo calificado volátil ya no implica
           que los constructores de copia/movimiento generados por el compilador y los operadores de asignación de copia o movimiento no sean triviales (compilando archivo de origen UniformParticleGenerator.cpp)
C:\Users\lwq20\OneDrive\Documentos\GitHub\SimulacionFisicaVideojuegos\common\PhysX-3.4\PxShared\include\task\PxTask.h(326,19): message : vea la declaración de 'physx::PxLightCpuTask::mRefCount' (compilando archivo de origen UniformParticleGenerator.cpp)
C:\Users\lwq20\OneDrive\Documentos\GitHub\SimulacionFisicaVideojuegos\common\PhysX-3.4\PxShared\include\task\PxTask.h(329,1): warning C5220: "physx::PxLightCpuTask::mRefCount": un miembro de datos no estático con un tipo calificado volátil ya no implica
           que los constructores de copia/movimiento generados por el compilador y los operadores de asignación de copia o movimiento no sean triviales (compilando archivo de origen ParticleSystem.cpp)
C:\Users\lwq20\OneDrive\Documentos\GitHub\SimulacionFisicaVideojuegos\common\PhysX-3.4\PxShared\include\task\PxTask.h(326,19): message : vea la declaración de 'physx::PxLightCpuTask::mRefCount' (compilando archivo de origen ParticleSystem.cpp)
C:\Users\lwq20\OneDrive\Documentos\GitHub\SimulacionFisicaVideojuegos\common\PhysX-3.4\PxShared\include\task\PxTask.h(329,1): warning C5220: "physx::PxLightCpuTask::mRefCount": un miembro de datos no estático con un tipo calificado volátil ya no implica
           que los constructores de copia/movimiento generados por el compilador y los operadores de asignación de copia o movimiento no sean triviales (compilando archivo de origen ParticleGenerator.cpp)
C:\Users\lwq20\OneDrive\Documentos\GitHub\SimulacionFisicaVideojuegos\common\PhysX-3.4\PxShared\include\task\PxTask.h(326,19): message : vea la declaración de 'physx::PxLightCpuTask::mRefCount' (compilando archivo de origen ParticleGenerator.cpp)
C:\Users\lwq20\OneDrive\Documentos\GitHub\SimulacionFisicaVideojuegos\common\PhysX-3.4\PxShared\include\task\PxTask.h(329,1): warning C5220: "physx::PxLightCpuTask::mRefCount": un miembro de datos no estático con un tipo calificado volátil ya no implica
           que los constructores de copia/movimiento generados por el compilador y los operadores de asignación de copia o movimiento no sean triviales (compilando archivo de origen GaussianParticleGenerator.cpp)
C:\Users\lwq20\OneDrive\Documentos\GitHub\SimulacionFisicaVideojuegos\common\PhysX-3.4\PxShared\include\task\PxTask.h(326,19): message : vea la declaración de 'physx::PxLightCpuTask::mRefCount' (compilando archivo de origen GaussianParticleGenerator.cpp)
C:\Users\lwq20\OneDrive\Documentos\GitHub\SimulacionFisicaVideojuegos\skeleton\ParticleGenerator.h(19,3): warning C4265: "ParticleGenerator": la clase tiene funciones virtuales, pero su destructor no trivial no es virtual; puede que las instancias de esta clase no se destruyan correctamente (compilando archivo de origen ParticleGenerator.cpp)
C:\Users\lwq20\OneDrive\Documentos\GitHub\SimulacionFisicaVideojuegos\skeleton\ParticleGenerator.h(19,3): warning C4265: "ParticleGenerator": la clase tiene funciones virtuales, pero su destructor no trivial no es virtual; puede que las instancias de esta clase no se destruyan correctamente (compilando archivo de origen UniformParticleGenerator.cpp)
C:\Users\lwq20\OneDrive\Documentos\GitHub\SimulacionFisicaVideojuegos\skeleton\UniformParticleGenerator.h(17,3): warning C4265: "UniformParticleGenerator": la clase tiene funciones virtuales, pero su destructor no trivial no es virtual; puede que las instancias de esta clase no se destruyan correctamente (compilando archivo de origen UniformParticleGenerator.cpp)
C:\Users\lwq20\OneDrive\Documentos\GitHub\SimulacionFisicaVideojuegos\skeleton\Render\Render.cpp(398,13): warning C4267: 'inicializando': conversión de 'size_t' a 'int'; posible pérdida de datos
C:\Users\lwq20\OneDrive\Documentos\GitHub\SimulacionFisicaVideojuegos\skeleton\Particle.cpp(4,56): warning C5038: miembro de datos "Particle::time" se inicializará después de miembro de datos "Particle::size"
C:\Users\lwq20\OneDrive\Documentos\GitHub\SimulacionFisicaVideojuegos\skeleton\Particle.cpp(22,52): warning C5038: miembro de datos "Particle::time" se inicializará después de miembro de datos "Particle::size"
C:\Users\lwq20\OneDrive\Documentos\GitHub\SimulacionFisicaVideojuegos\skeleton\ParticleGenerator.h(19,3): warning C4265: "ParticleGenerator": la clase tiene funciones virtuales, pero su destructor no trivial no es virtual; puede que las instancias de esta clase no se destruyan correctamente (compilando archivo de origen ParticleSystem.cpp)
C:\Users\lwq20\OneDrive\Documentos\GitHub\SimulacionFisicaVideojuegos\skeleton\GaussianParticleGenerator.h(20,3): warning C4265: "GaussianParticleGenerator": la clase tiene funciones virtuales, pero su destructor no trivial no es virtual; puede que las instancias de esta clase no se destruyan correctamente (compilando archivo de origen ParticleSystem.cpp)
C:\Users\lwq20\OneDrive\Documentos\GitHub\SimulacionFisicaVideojuegos\skeleton\UniformParticleGenerator.h(17,3): warning C4265: "UniformParticleGenerator": la clase tiene funciones virtuales, pero su destructor no trivial no es virtual; puede que las instancias de esta clase no se destruyan correctamente (compilando archivo de origen ParticleSystem.cpp)
C:\Users\lwq20\OneDrive\Documentos\GitHub\SimulacionFisicaVideojuegos\skeleton\Render\Render.cpp(132): warning C5045: El compilador insertará la mitigación de Spectre para la carga de memoria si se especificó el modificador /Qspectre
  C:\Users\lwq20\OneDrive\Documentos\GitHub\SimulacionFisicaVideojuegos\skeleton\Render\Render.cpp(121) : nota: el intervalo "nbPolys" del índice se comprobó por comparación en esta línea
  C:\Users\lwq20\OneDrive\Documentos\GitHub\SimulacionFisicaVideojuegos\common\PhysX-3.4\PxShared\include\foundation\PxVec3.h(105) : nota: suministra la carga de memoria en esta línea
C:\Users\lwq20\OneDrive\Documentos\GitHub\SimulacionFisicaVideojuegos\skeleton\ParticleGenerator.h(19,3): warning C4265: "ParticleGenerator": la clase tiene funciones virtuales, pero su destructor no trivial no es virtual; puede que las instancias de esta clase no se destruyan correctamente (compilando archivo de origen main.cpp)
C:\Users\lwq20\OneDrive\Documentos\GitHub\SimulacionFisicaVideojuegos\skeleton\GaussianParticleGenerator.h(20,3): warning C4265: "GaussianParticleGenerator": la clase tiene funciones virtuales, pero su destructor no trivial no es virtual; puede que las instancias de esta clase no se destruyan correctamente (compilando archivo de origen main.cpp)
C:\Users\lwq20\OneDrive\Documentos\GitHub\SimulacionFisicaVideojuegos\skeleton\UniformParticleGenerator.h(17,3): warning C4265: "UniformParticleGenerator": la clase tiene funciones virtuales, pero su destructor no trivial no es virtual; puede que las instancias de esta clase no se destruyan correctamente (compilando archivo de origen main.cpp)
C:\Users\lwq20\OneDrive\Documentos\GitHub\SimulacionFisicaVideojuegos\skeleton\ParticleGenerator.h(19,3): warning C4265: "ParticleGenerator": la clase tiene funciones virtuales, pero su destructor no trivial no es virtual; puede que las instancias de esta clase no se destruyan correctamente (compilando archivo de origen GaussianParticleGenerator.cpp)
C:\Users\lwq20\OneDrive\Documentos\GitHub\SimulacionFisicaVideojuegos\skeleton\GaussianParticleGenerator.h(20,3): warning C4265: "GaussianParticleGenerator": la clase tiene funciones virtuales, pero su destructor no trivial no es virtual; puede que las instancias de esta clase no se destruyan correctamente (compilando archivo de origen GaussianParticleGenerator.cpp)
C:\Users\lwq20\OneDrive\Documentos\GitHub\SimulacionFisicaVideojuegos\skeleton\GaussianParticleGenerator.cpp(24,26): warning C4388: '<': no coinciden signed/unsigned
C:\Users\lwq20\OneDrive\Documentos\GitHub\SimulacionFisicaVideojuegos\skeleton\ParticleSystem.cpp(42): warning C4715: 'ParticleSystem::getParticleGenerator': no todas las rutas de acceso de control devuelven un valor
  game.vcxproj -> C:\Users\lwq20\OneDrive\Documentos\GitHub\SimulacionFisicaVideojuegos\bin\game.exe
